[ 2016-07-13T10:16:18+08:00 ] 127.0.0.1 /index.php/Admin/Email/getMsgCount.html
INFO: [ app_begin ] --START--
INFO: Run Behavior\ReadHtmlCacheBehavior [ RunTime:0.002000s ]
INFO: [ app_begin ] --END-- [ RunTime:0.003000s ]

[ 2016-07-13T10:16:42+08:00 ] 127.0.0.1 /index.php/Admin/Public/index
INFO: [ app_begin ] --START--
INFO: Run Behavior\ReadHtmlCacheBehavior [ RunTime:0.000000s ]
INFO: [ app_begin ] --END-- [ RunTime:0.002001s ]
SQL: SHOW COLUMNS FROM `tp_user` [ RunTime:0.0170s ]
SQL: SELECT * FROM `tp_user` WHERE `username` = 'admin' AND `password` = '123456' LIMIT 1   [ RunTime:0.0020s ]
INFO: [ app_end ] --START--
INFO: Run Behavior\ShowPageTraceBehavior [ RunTime:0.002000s ]
INFO: [ app_end ] --END-- [ RunTime:0.002000s ]

[ 2016-07-13T10:16:52+08:00 ] 127.0.0.1 /index.php/Admin/Email/getMsgCount.html
INFO: [ app_begin ] --START--
INFO: Run Behavior\ReadHtmlCacheBehavior [ RunTime:0.001000s ]
INFO: [ app_begin ] --END-- [ RunTime:0.002001s ]
SQL: SHOW COLUMNS FROM `tp_email` [ RunTime:0.0740s ]
SQL: SELECT COUNT(*) AS tp_count FROM `tp_email` WHERE ( isread = 0 and to_id =1 ) LIMIT 1   [ RunTime:0.1360s ]
INFO: [ app_end ] --START--
INFO: Run Behavior\ShowPageTraceBehavior [ RunTime:0.001000s ]
INFO: [ app_end ] --END-- [ RunTime:0.001000s ]

[ 2016-07-13T10:16:56+08:00 ] 127.0.0.1 /index.php/Admin/Email/getMsgCount.html
INFO: [ app_begin ] --START--
INFO: Run Behavior\ReadHtmlCacheBehavior [ RunTime:0.001000s ]
INFO: [ app_begin ] --END-- [ RunTime:0.002000s ]
SQL: SHOW COLUMNS FROM `tp_email` [ RunTime:0.0040s ]
SQL: SELECT COUNT(*) AS tp_count FROM `tp_email` WHERE ( isread = 0 and to_id =1 ) LIMIT 1   [ RunTime:0.0000s ]
INFO: [ app_end ] --START--
INFO: Run Behavior\ShowPageTraceBehavior [ RunTime:0.001000s ]
INFO: [ app_end ] --END-- [ RunTime:0.001000s ]

[ 2016-07-13T10:17:01+08:00 ] 127.0.0.1 /index.php/Admin/Email/getMsgCount.html
INFO: [ app_begin ] --START--
INFO: Run Behavior\ReadHtmlCacheBehavior [ RunTime:0.000000s ]
INFO: [ app_begin ] --END-- [ RunTime:0.002000s ]
SQL: SHOW COLUMNS FROM `tp_email` [ RunTime:0.0030s ]
SQL: SELECT COUNT(*) AS tp_count FROM `tp_email` WHERE ( isread = 0 and to_id =1 ) LIMIT 1   [ RunTime:0.0000s ]
INFO: [ app_end ] --START--
INFO: Run Behavior\ShowPageTraceBehavior [ RunTime:0.000000s ]
INFO: [ app_end ] --END-- [ RunTime:0.000000s ]

[ 2016-07-13T10:17:06+08:00 ] 127.0.0.1 /index.php/Admin/Email/getMsgCount.html
INFO: [ app_begin ] --START--
INFO: Run Behavior\ReadHtmlCacheBehavior [ RunTime:0.012001s ]
INFO: [ app_begin ] --END-- [ RunTime:0.015001s ]
SQL: SHOW COLUMNS FROM `tp_email` [ RunTime:0.0060s ]
SQL: SELECT COUNT(*) AS tp_count FROM `tp_email` WHERE ( isread = 0 and to_id =1 ) LIMIT 1   [ RunTime:0.0000s ]
INFO: [ app_end ] --START--
INFO: Run Behavior\ShowPageTraceBehavior [ RunTime:0.000000s ]
INFO: [ app_end ] --END-- [ RunTime:0.000000s ]

[ 2016-07-13T10:17:11+08:00 ] 127.0.0.1 /index.php/Admin/Email/getMsgCount.html
INFO: [ app_begin ] --START--
INFO: Run Behavior\ReadHtmlCacheBehavior [ RunTime:0.001000s ]
INFO: [ app_begin ] --END-- [ RunTime:0.001000s ]
SQL: SHOW COLUMNS FROM `tp_email` [ RunTime:0.0030s ]
SQL: SELECT COUNT(*) AS tp_count FROM `tp_email` WHERE ( isread = 0 and to_id =1 ) LIMIT 1   [ RunTime:0.0000s ]
INFO: [ app_end ] --START--
INFO: Run Behavior\ShowPageTraceBehavior [ RunTime:0.001000s ]
INFO: [ app_end ] --END-- [ RunTime:0.001000s ]

[ 2016-07-13T10:17:16+08:00 ] 127.0.0.1 /index.php/Admin/Email/getMsgCount.html
INFO: [ app_begin ] --START--
INFO: Run Behavior\ReadHtmlCacheBehavior [ RunTime:0.001000s ]
INFO: [ app_begin ] --END-- [ RunTime:0.003000s ]
SQL: SHOW COLUMNS FROM `tp_email` [ RunTime:0.0030s ]
SQL: SELECT COUNT(*) AS tp_count FROM `tp_email` WHERE ( isread = 0 and to_id =1 ) LIMIT 1   [ RunTime:0.0000s ]
INFO: [ app_end ] --START--
INFO: Run Behavior\ShowPageTraceBehavior [ RunTime:0.000000s ]
INFO: [ app_end ] --END-- [ RunTime:0.001000s ]

[ 2016-07-13T10:17:21+08:00 ] 127.0.0.1 /index.php/Admin/Email/getMsgCount.html
INFO: [ app_begin ] --START--
INFO: Run Behavior\ReadHtmlCacheBehavior [ RunTime:0.001000s ]
INFO: [ app_begin ] --END-- [ RunTime:0.002000s ]
SQL: SHOW COLUMNS FROM `tp_email` [ RunTime:0.0030s ]
SQL: SELECT COUNT(*) AS tp_count FROM `tp_email` WHERE ( isread = 0 and to_id =1 ) LIMIT 1   [ RunTime:0.0000s ]
INFO: [ app_end ] --START--
INFO: Run Behavior\ShowPageTraceBehavior [ RunTime:0.001000s ]
INFO: [ app_end ] --END-- [ RunTime:0.002000s ]

[ 2016-07-13T10:17:26+08:00 ] 127.0.0.1 /index.php/Admin/Email/getMsgCount.html
INFO: [ app_begin ] --START--
INFO: Run Behavior\ReadHtmlCacheBehavior [ RunTime:0.001000s ]
INFO: [ app_begin ] --END-- [ RunTime:0.003000s ]
SQL: SHOW COLUMNS FROM `tp_email` [ RunTime:0.0030s ]
SQL: SELECT COUNT(*) AS tp_count FROM `tp_email` WHERE ( isread = 0 and to_id =1 ) LIMIT 1   [ RunTime:0.0010s ]
INFO: [ app_end ] --START--
INFO: Run Behavior\ShowPageTraceBehavior [ RunTime:0.001000s ]
INFO: [ app_end ] --END-- [ RunTime:0.001000s ]

[ 2016-07-13T10:17:31+08:00 ] 127.0.0.1 /index.php/Admin/Email/getMsgCount.html
INFO: [ app_begin ] --START--
INFO: Run Behavior\ReadHtmlCacheBehavior [ RunTime:0.001000s ]
INFO: [ app_begin ] --END-- [ RunTime:0.002000s ]
SQL: SHOW COLUMNS FROM `tp_email` [ RunTime:0.0030s ]
SQL: SELECT COUNT(*) AS tp_count FROM `tp_email` WHERE ( isread = 0 and to_id =1 ) LIMIT 1   [ RunTime:0.0000s ]
INFO: [ app_end ] --START--
INFO: Run Behavior\ShowPageTraceBehavior [ RunTime:0.000000s ]
INFO: [ app_end ] --END-- [ RunTime:0.000000s ]

[ 2016-07-13T10:17:36+08:00 ] 127.0.0.1 /index.php/Admin/Email/getMsgCount.html
INFO: [ app_begin ] --START--
INFO: Run Behavior\ReadHtmlCacheBehavior [ RunTime:0.001000s ]
INFO: [ app_begin ] --END-- [ RunTime:0.001000s ]
SQL: SHOW COLUMNS FROM `tp_email` [ RunTime:0.0030s ]
SQL: SELECT COUNT(*) AS tp_count FROM `tp_email` WHERE ( isread = 0 and to_id =1 ) LIMIT 1   [ RunTime:0.0010s ]
INFO: [ app_end ] --START--
INFO: Run Behavior\ShowPageTraceBehavior [ RunTime:0.001000s ]
INFO: [ app_end ] --END-- [ RunTime:0.001000s ]

[ 2016-07-13T10:17:41+08:00 ] 127.0.0.1 /index.php/Admin/Email/getMsgCount.html
INFO: [ app_begin ] --START--
INFO: Run Behavior\ReadHtmlCacheBehavior [ RunTime:0.001000s ]
INFO: [ app_begin ] --END-- [ RunTime:0.001000s ]
SQL: SHOW COLUMNS FROM `tp_email` [ RunTime:0.0040s ]
SQL: SELECT COUNT(*) AS tp_count FROM `tp_email` WHERE ( isread = 0 and to_id =1 ) LIMIT 1   [ RunTime:0.0000s ]
INFO: [ app_end ] --START--
INFO: Run Behavior\ShowPageTraceBehavior [ RunTime:0.001000s ]
INFO: [ app_end ] --END-- [ RunTime:0.001000s ]

[ 2016-07-13T10:17:46+08:00 ] 127.0.0.1 /index.php/Admin/Email/getMsgCount.html
INFO: [ app_begin ] --START--
INFO: Run Behavior\ReadHtmlCacheBehavior [ RunTime:0.000000s ]
INFO: [ app_begin ] --END-- [ RunTime:0.002000s ]
SQL: SHOW COLUMNS FROM `tp_email` [ RunTime:0.0030s ]
SQL: SELECT COUNT(*) AS tp_count FROM `tp_email` WHERE ( isread = 0 and to_id =1 ) LIMIT 1   [ RunTime:0.0000s ]
INFO: [ app_end ] --START--
INFO: Run Behavior\ShowPageTraceBehavior [ RunTime:0.001000s ]
INFO: [ app_end ] --END-- [ RunTime:0.001000s ]

[ 2016-07-13T10:17:51+08:00 ] 127.0.0.1 /index.php/Admin/Email/getMsgCount.html
INFO: [ app_begin ] --START--
INFO: Run Behavior\ReadHtmlCacheBehavior [ RunTime:0.001000s ]
INFO: [ app_begin ] --END-- [ RunTime:0.002000s ]
SQL: SHOW COLUMNS FROM `tp_email` [ RunTime:0.0030s ]
SQL: SELECT COUNT(*) AS tp_count FROM `tp_email` WHERE ( isread = 0 and to_id =1 ) LIMIT 1   [ RunTime:0.0010s ]
INFO: [ app_end ] --START--
INFO: Run Behavior\ShowPageTraceBehavior [ RunTime:0.001000s ]
INFO: [ app_end ] --END-- [ RunTime:0.001000s ]

[ 2016-07-13T10:17:56+08:00 ] 127.0.0.1 /index.php/Admin/Email/getMsgCount.html
INFO: [ app_begin ] --START--
INFO: Run Behavior\ReadHtmlCacheBehavior [ RunTime:0.000000s ]
INFO: [ app_begin ] --END-- [ RunTime:0.001000s ]
SQL: SHOW COLUMNS FROM `tp_email` [ RunTime:0.0040s ]
SQL: SELECT COUNT(*) AS tp_count FROM `tp_email` WHERE ( isread = 0 and to_id =1 ) LIMIT 1   [ RunTime:0.0010s ]
INFO: [ app_end ] --START--
INFO: Run Behavior\ShowPageTraceBehavior [ RunTime:0.001000s ]
INFO: [ app_end ] --END-- [ RunTime:0.002000s ]

[ 2016-07-13T10:18:06+08:00 ] 127.0.0.1 /index.php/Admin/Email/getMsgCount.html
INFO: [ app_begin ] --START--
INFO: Run Behavior\ReadHtmlCacheBehavior [ RunTime:0.001000s ]
INFO: [ app_begin ] --END-- [ RunTime:0.001000s ]
SQL: SHOW COLUMNS FROM `tp_email` [ RunTime:0.0030s ]
SQL: SELECT COUNT(*) AS tp_count FROM `tp_email` WHERE ( isread = 0 and to_id =1 ) LIMIT 1   [ RunTime:0.0000s ]
INFO: [ app_end ] --START--
INFO: Run Behavior\ShowPageTraceBehavior [ RunTime:0.000000s ]
INFO: [ app_end ] --END-- [ RunTime:0.002000s ]

[ 2016-07-13T10:18:11+08:00 ] 127.0.0.1 /index.php/Admin/Email/getMsgCount.html
INFO: [ app_begin ] --START--
INFO: Run Behavior\ReadHtmlCacheBehavior [ RunTime:0.001000s ]
INFO: [ app_begin ] --END-- [ RunTime:0.002000s ]
SQL: SHOW COLUMNS FROM `tp_email` [ RunTime:0.0030s ]
SQL: SELECT COUNT(*) AS tp_count FROM `tp_email` WHERE ( isread = 0 and to_id =1 ) LIMIT 1   [ RunTime:0.0010s ]
INFO: [ app_end ] --START--
INFO: Run Behavior\ShowPageTraceBehavior [ RunTime:0.001000s ]
INFO: [ app_end ] --END-- [ RunTime:0.001000s ]

[ 2016-07-13T10:18:16+08:00 ] 127.0.0.1 /index.php/Admin/Email/getMsgCount.html
INFO: [ app_begin ] --START--
INFO: Run Behavior\ReadHtmlCacheBehavior [ RunTime:0.001000s ]
INFO: [ app_begin ] --END-- [ RunTime:0.001000s ]
SQL: SHOW COLUMNS FROM `tp_email` [ RunTime:0.0030s ]
SQL: SELECT COUNT(*) AS tp_count FROM `tp_email` WHERE ( isread = 0 and to_id =1 ) LIMIT 1   [ RunTime:0.0000s ]
INFO: [ app_end ] --START--
INFO: Run Behavior\ShowPageTraceBehavior [ RunTime:0.000000s ]
INFO: [ app_end ] --END-- [ RunTime:0.000000s ]

[ 2016-07-13T10:18:21+08:00 ] 127.0.0.1 /index.php/Admin/Email/getMsgCount.html
INFO: [ app_begin ] --START--
INFO: Run Behavior\ReadHtmlCacheBehavior [ RunTime:0.001000s ]
INFO: [ app_begin ] --END-- [ RunTime:0.002000s ]
SQL: SHOW COLUMNS FROM `tp_email` [ RunTime:0.0030s ]
SQL: SELECT COUNT(*) AS tp_count FROM `tp_email` WHERE ( isread = 0 and to_id =1 ) LIMIT 1   [ RunTime:0.0010s ]
INFO: [ app_end ] --START--
INFO: Run Behavior\ShowPageTraceBehavior [ RunTime:0.001000s ]
INFO: [ app_end ] --END-- [ RunTime:0.001000s ]

[ 2016-07-13T10:18:26+08:00 ] 127.0.0.1 /index.php/Admin/Email/getMsgCount.html
INFO: [ app_begin ] --START--
INFO: Run Behavior\ReadHtmlCacheBehavior [ RunTime:0.000000s ]
INFO: [ app_begin ] --END-- [ RunTime:0.001001s ]
SQL: SHOW COLUMNS FROM `tp_email` [ RunTime:0.0030s ]
SQL: SELECT COUNT(*) AS tp_count FROM `tp_email` WHERE ( isread = 0 and to_id =1 ) LIMIT 1   [ RunTime:0.0000s ]
INFO: [ app_end ] --START--
INFO: Run Behavior\ShowPageTraceBehavior [ RunTime:0.000000s ]
INFO: [ app_end ] --END-- [ RunTime:0.001000s ]

[ 2016-07-13T10:18:31+08:00 ] 127.0.0.1 /index.php/Admin/Email/getMsgCount.html
INFO: [ app_begin ] --START--
INFO: Run Behavior\ReadHtmlCacheBehavior [ RunTime:0.003000s ]
INFO: [ app_begin ] --END-- [ RunTime:0.005000s ]
SQL: SHOW COLUMNS FROM `tp_email` [ RunTime:0.0030s ]
SQL: SELECT COUNT(*) AS tp_count FROM `tp_email` WHERE ( isread = 0 and to_id =1 ) LIMIT 1   [ RunTime:0.0000s ]
INFO: [ app_end ] --START--
INFO: Run Behavior\ShowPageTraceBehavior [ RunTime:0.001000s ]
INFO: [ app_end ] --END-- [ RunTime:0.001000s ]

[ 2016-07-13T10:18:36+08:00 ] 127.0.0.1 /index.php/Admin/Email/getMsgCount.html
INFO: [ app_begin ] --START--
INFO: Run Behavior\ReadHtmlCacheBehavior [ RunTime:0.001000s ]
INFO: [ app_begin ] --END-- [ RunTime:0.001000s ]
SQL: SHOW COLUMNS FROM `tp_email` [ RunTime:0.0060s ]
SQL: SELECT COUNT(*) AS tp_count FROM `tp_email` WHERE ( isread = 0 and to_id =1 ) LIMIT 1   [ RunTime:0.0010s ]
INFO: [ app_end ] --START--
INFO: Run Behavior\ShowPageTraceBehavior [ RunTime:0.000000s ]
INFO: [ app_end ] --END-- [ RunTime:0.001000s ]

[ 2016-07-13T10:18:41+08:00 ] 127.0.0.1 /index.php/Admin/Email/getMsgCount.html
INFO: [ app_begin ] --START--
INFO: Run Behavior\ReadHtmlCacheBehavior [ RunTime:0.001000s ]
INFO: [ app_begin ] --END-- [ RunTime:0.003000s ]
SQL: SHOW COLUMNS FROM `tp_email` [ RunTime:0.0030s ]
SQL: SELECT COUNT(*) AS tp_count FROM `tp_email` WHERE ( isread = 0 and to_id =1 ) LIMIT 1   [ RunTime:0.0010s ]
INFO: [ app_end ] --START--
INFO: Run Behavior\ShowPageTraceBehavior [ RunTime:0.001000s ]
INFO: [ app_end ] --END-- [ RunTime:0.001000s ]

[ 2016-07-13T10:18:46+08:00 ] 127.0.0.1 /index.php/Admin/Email/getMsgCount.html
INFO: [ app_begin ] --START--
INFO: Run Behavior\ReadHtmlCacheBehavior [ RunTime:0.001000s ]
INFO: [ app_begin ] --END-- [ RunTime:0.001000s ]
SQL: SHOW COLUMNS FROM `tp_email` [ RunTime:0.0030s ]
SQL: SELECT COUNT(*) AS tp_count FROM `tp_email` WHERE ( isread = 0 and to_id =1 ) LIMIT 1   [ RunTime:0.0010s ]
INFO: [ app_end ] --START--
INFO: Run Behavior\ShowPageTraceBehavior [ RunTime:0.001000s ]
INFO: [ app_end ] --END-- [ RunTime:0.001000s ]

[ 2016-07-13T10:18:51+08:00 ] 127.0.0.1 /index.php/Admin/Email/getMsgCount.html
INFO: [ app_begin ] --START--
INFO: Run Behavior\ReadHtmlCacheBehavior [ RunTime:0.001000s ]
INFO: [ app_begin ] --END-- [ RunTime:0.001000s ]
SQL: SHOW COLUMNS FROM `tp_email` [ RunTime:0.0040s ]
SQL: SELECT COUNT(*) AS tp_count FROM `tp_email` WHERE ( isread = 0 and to_id =1 ) LIMIT 1   [ RunTime:0.0000s ]
INFO: [ app_end ] --START--
INFO: Run Behavior\ShowPageTraceBehavior [ RunTime:0.000000s ]
INFO: [ app_end ] --END-- [ RunTime:0.002000s ]

[ 2016-07-13T10:18:56+08:00 ] 127.0.0.1 /index.php/Admin/Email/getMsgCount.html
INFO: [ app_begin ] --START--
INFO: Run Behavior\ReadHtmlCacheBehavior [ RunTime:0.000000s ]
INFO: [ app_begin ] --END-- [ RunTime:0.001000s ]
SQL: SHOW COLUMNS FROM `tp_email` [ RunTime:0.0030s ]
SQL: SELECT COUNT(*) AS tp_count FROM `tp_email` WHERE ( isread = 0 and to_id =1 ) LIMIT 1   [ RunTime:0.0010s ]
INFO: [ app_end ] --START--
INFO: Run Behavior\ShowPageTraceBehavior [ RunTime:0.001000s ]
INFO: [ app_end ] --END-- [ RunTime:0.001000s ]

[ 2016-07-13T10:19:01+08:00 ] 127.0.0.1 /index.php/Admin/Email/getMsgCount.html
INFO: [ app_begin ] --START--
INFO: Run Behavior\ReadHtmlCacheBehavior [ RunTime:0.001000s ]
INFO: [ app_begin ] --END-- [ RunTime:0.003001s ]
SQL: SHOW COLUMNS FROM `tp_email` [ RunTime:0.0030s ]
SQL: SELECT COUNT(*) AS tp_count FROM `tp_email` WHERE ( isread = 0 and to_id =1 ) LIMIT 1   [ RunTime:0.0000s ]
INFO: [ app_end ] --START--
INFO: Run Behavior\ShowPageTraceBehavior [ RunTime:0.001000s ]
INFO: [ app_end ] --END-- [ RunTime:0.001000s ]

[ 2016-07-13T10:19:06+08:00 ] 127.0.0.1 /index.php/Admin/Email/getMsgCount.html
INFO: [ app_begin ] --START--
INFO: Run Behavior\ReadHtmlCacheBehavior [ RunTime:0.001000s ]
INFO: [ app_begin ] --END-- [ RunTime:0.001000s ]
SQL: SHOW COLUMNS FROM `tp_email` [ RunTime:0.0030s ]
SQL: SELECT COUNT(*) AS tp_count FROM `tp_email` WHERE ( isread = 0 and to_id =1 ) LIMIT 1   [ RunTime:0.0000s ]
INFO: [ app_end ] --START--
INFO: Run Behavior\ShowPageTraceBehavior [ RunTime:0.001000s ]
INFO: [ app_end ] --END-- [ RunTime:0.001000s ]

[ 2016-07-13T16:47:54+08:00 ] 127.0.0.1 /index.php/Admin/Public/index
INFO: [ app_begin ] --START--
INFO: Run Behavior\ReadHtmlCacheBehavior [ RunTime:0.000000s ]
INFO: [ app_begin ] --END-- [ RunTime:0.003001s ]
SQL: SHOW COLUMNS FROM `tp_user` [ RunTime:0.0030s ]
SQL: SELECT * FROM `tp_user` WHERE `username` = 'test' AND `password` = '123456' LIMIT 1   [ RunTime:0.0010s ]
INFO: [ app_end ] --START--
INFO: Run Behavior\ShowPageTraceBehavior [ RunTime:0.001000s ]
INFO: [ app_end ] --END-- [ RunTime:0.001000s ]

[ 2016-07-13T16:48:01+08:00 ] 127.0.0.1 /index.php/Admin/Public/index
INFO: [ app_begin ] --START--
INFO: Run Behavior\ReadHtmlCacheBehavior [ RunTime:0.001000s ]
INFO: [ app_begin ] --END-- [ RunTime:0.001000s ]
INFO: [ app_end ] --START--
INFO: Run Behavior\ShowPageTraceBehavior [ RunTime:0.001000s ]
INFO: [ app_end ] --END-- [ RunTime:0.001000s ]

[ 2016-07-13T16:48:07+08:00 ] 127.0.0.1 /index.php/Admin/Public/index
INFO: [ app_begin ] --START--
INFO: Run Behavior\ReadHtmlCacheBehavior [ RunTime:0.000000s ]
INFO: [ app_begin ] --END-- [ RunTime:0.002000s ]
SQL: SHOW COLUMNS FROM `tp_user` [ RunTime:0.0030s ]
SQL: SELECT * FROM `tp_user` WHERE `username` = 'test' AND `password` = '123456' LIMIT 1   [ RunTime:0.0000s ]
INFO: [ app_end ] --START--
INFO: Run Behavior\ShowPageTraceBehavior [ RunTime:0.001000s ]
INFO: [ app_end ] --END-- [ RunTime:0.001000s ]

[ 2016-07-13T16:49:25+08:00 ] 127.0.0.1 /index.php/Admin/Public/index
INFO: [ app_begin ] --START--
INFO: Run Behavior\ReadHtmlCacheBehavior [ RunTime:0.000000s ]
INFO: [ app_begin ] --END-- [ RunTime:0.001000s ]
SQL: SHOW COLUMNS FROM `tp_user` [ RunTime:0.0030s ]
SQL: SELECT * FROM `tp_user` WHERE `username` = 'admin' AND `password` = '123456' LIMIT 1   [ RunTime:0.0000s ]
INFO: [ app_end ] --START--
INFO: Run Behavior\ShowPageTraceBehavior [ RunTime:0.001000s ]
INFO: [ app_end ] --END-- [ RunTime:0.001000s ]

[ 2016-07-13T16:49:34+08:00 ] 127.0.0.1 /index.php/Admin/Email/getMsgCount.html
INFO: [ app_begin ] --START--
INFO: Run Behavior\ReadHtmlCacheBehavior [ RunTime:0.001000s ]
INFO: [ app_begin ] --END-- [ RunTime:0.001000s ]
SQL: SHOW COLUMNS FROM `tp_email` [ RunTime:0.0030s ]
SQL: SELECT COUNT(*) AS tp_count FROM `tp_email` WHERE ( isread = 0 and to_id =1 ) LIMIT 1   [ RunTime:0.0000s ]
INFO: [ app_end ] --START--
INFO: Run Behavior\ShowPageTraceBehavior [ RunTime:0.001000s ]
INFO: [ app_end ] --END-- [ RunTime:0.001000s ]

[ 2016-07-13T16:49:39+08:00 ] 127.0.0.1 /index.php/Admin/Email/getMsgCount.html
INFO: [ app_begin ] --START--
INFO: Run Behavior\ReadHtmlCacheBehavior [ RunTime:0.001000s ]
INFO: [ app_begin ] --END-- [ RunTime:0.002000s ]
SQL: SHOW COLUMNS FROM `tp_email` [ RunTime:0.0030s ]
SQL: SELECT COUNT(*) AS tp_count FROM `tp_email` WHERE ( isread = 0 and to_id =1 ) LIMIT 1   [ RunTime:0.0010s ]
INFO: [ app_end ] --START--
INFO: Run Behavior\ShowPageTraceBehavior [ RunTime:0.001000s ]
INFO: [ app_end ] --END-- [ RunTime:0.001000s ]

[ 2016-07-13T16:49:44+08:00 ] 127.0.0.1 /index.php/Admin/Email/getMsgCount.html
INFO: [ app_begin ] --START--
INFO: Run Behavior\ReadHtmlCacheBehavior [ RunTime:0.002000s ]
INFO: [ app_begin ] --END-- [ RunTime:0.003000s ]
SQL: SHOW COLUMNS FROM `tp_email` [ RunTime:0.0030s ]
SQL: SELECT COUNT(*) AS tp_count FROM `tp_email` WHERE ( isread = 0 and to_id =1 ) LIMIT 1   [ RunTime:0.0010s ]
INFO: [ app_end ] --START--
INFO: Run Behavior\ShowPageTraceBehavior [ RunTime:0.001000s ]
INFO: [ app_end ] --END-- [ RunTime:0.001000s ]

[ 2016-07-13T16:49:49+08:00 ] 127.0.0.1 /index.php/Admin/Email/getMsgCount.html
INFO: [ app_begin ] --START--
INFO: Run Behavior\ReadHtmlCacheBehavior [ RunTime:0.001000s ]
INFO: [ app_begin ] --END-- [ RunTime:0.002000s ]
SQL: SHOW COLUMNS FROM `tp_email` [ RunTime:0.0030s ]
SQL: SELECT COUNT(*) AS tp_count FROM `tp_email` WHERE ( isread = 0 and to_id =1 ) LIMIT 1   [ RunTime:0.0010s ]
INFO: [ app_end ] --START--
INFO: Run Behavior\ShowPageTraceBehavior [ RunTime:0.001000s ]
INFO: [ app_end ] --END-- [ RunTime:0.001000s ]

[ 2016-07-13T16:49:54+08:00 ] 127.0.0.1 /index.php/Admin/Email/getMsgCount.html
INFO: [ app_begin ] --START--
INFO: Run Behavior\ReadHtmlCacheBehavior [ RunTime:0.001000s ]
INFO: [ app_begin ] --END-- [ RunTime:0.002000s ]
SQL: SHOW COLUMNS FROM `tp_email` [ RunTime:0.0040s ]
SQL: SELECT COUNT(*) AS tp_count FROM `tp_email` WHERE ( isread = 0 and to_id =1 ) LIMIT 1   [ RunTime:0.0010s ]
INFO: [ app_end ] --START--
INFO: Run Behavior\ShowPageTraceBehavior [ RunTime:0.001000s ]
INFO: [ app_end ] --END-- [ RunTime:0.001000s ]

[ 2016-07-13T16:49:59+08:00 ] 127.0.0.1 /index.php/Admin/Email/getMsgCount.html
INFO: [ app_begin ] --START--
INFO: Run Behavior\ReadHtmlCacheBehavior [ RunTime:0.001000s ]
INFO: [ app_begin ] --END-- [ RunTime:0.003000s ]
SQL: SHOW COLUMNS FROM `tp_email` [ RunTime:0.0060s ]
SQL: SELECT COUNT(*) AS tp_count FROM `tp_email` WHERE ( isread = 0 and to_id =1 ) LIMIT 1   [ RunTime:0.0010s ]
INFO: [ app_end ] --START--
INFO: Run Behavior\ShowPageTraceBehavior [ RunTime:0.001000s ]
INFO: [ app_end ] --END-- [ RunTime:0.002000s ]

[ 2016-07-13T16:50:04+08:00 ] 127.0.0.1 /index.php/Admin/Email/getMsgCount.html
INFO: [ app_begin ] --START--
INFO: Run Behavior\ReadHtmlCacheBehavior [ RunTime:0.001001s ]
INFO: [ app_begin ] --END-- [ RunTime:0.002001s ]
SQL: SHOW COLUMNS FROM `tp_email` [ RunTime:0.0030s ]
SQL: SELECT COUNT(*) AS tp_count FROM `tp_email` WHERE ( isread = 0 and to_id =1 ) LIMIT 1   [ RunTime:0.0010s ]
INFO: [ app_end ] --START--
INFO: Run Behavior\ShowPageTraceBehavior [ RunTime:0.001000s ]
INFO: [ app_end ] --END-- [ RunTime:0.001000s ]

[ 2016-07-13T16:50:09+08:00 ] 127.0.0.1 /index.php/Admin/Email/getMsgCount.html
INFO: [ app_begin ] --START--
INFO: Run Behavior\ReadHtmlCacheBehavior [ RunTime:0.001000s ]
INFO: [ app_begin ] --END-- [ RunTime:0.002000s ]
SQL: SHOW COLUMNS FROM `tp_email` [ RunTime:0.0040s ]
SQL: SELECT COUNT(*) AS tp_count FROM `tp_email` WHERE ( isread = 0 and to_id =1 ) LIMIT 1   [ RunTime:0.0000s ]
INFO: [ app_end ] --START--
INFO: Run Behavior\ShowPageTraceBehavior [ RunTime:0.001001s ]
INFO: [ app_end ] --END-- [ RunTime:0.001001s ]

[ 2016-07-13T16:50:14+08:00 ] 127.0.0.1 /index.php/Admin/Email/getMsgCount.html
INFO: [ app_begin ] --START--
INFO: Run Behavior\ReadHtmlCacheBehavior [ RunTime:0.002000s ]
INFO: [ app_begin ] --END-- [ RunTime:0.003000s ]
SQL: SHOW COLUMNS FROM `tp_email` [ RunTime:0.0030s ]
SQL: SELECT COUNT(*) AS tp_count FROM `tp_email` WHERE ( isread = 0 and to_id =1 ) LIMIT 1   [ RunTime:0.0010s ]
INFO: [ app_end ] --START--
INFO: Run Behavior\ShowPageTraceBehavior [ RunTime:0.001000s ]
INFO: [ app_end ] --END-- [ RunTime:0.001000s ]

[ 2016-07-13T16:50:19+08:00 ] 127.0.0.1 /index.php/Admin/Email/getMsgCount.html
INFO: [ app_begin ] --START--
INFO: Run Behavior\ReadHtmlCacheBehavior [ RunTime:0.002000s ]
INFO: [ app_begin ] --END-- [ RunTime:0.003000s ]
SQL: SHOW COLUMNS FROM `tp_email` [ RunTime:0.0030s ]
SQL: SELECT COUNT(*) AS tp_count FROM `tp_email` WHERE ( isread = 0 and to_id =1 ) LIMIT 1   [ RunTime:0.0000s ]
INFO: [ app_end ] --START--
INFO: Run Behavior\ShowPageTraceBehavior [ RunTime:0.001001s ]
INFO: [ app_end ] --END-- [ RunTime:0.001001s ]

[ 2016-07-13T16:50:24+08:00 ] 127.0.0.1 /index.php/Admin/Email/getMsgCount.html
INFO: [ app_begin ] --START--
INFO: Run Behavior\ReadHtmlCacheBehavior [ RunTime:0.001000s ]
INFO: [ app_begin ] --END-- [ RunTime:0.002000s ]
SQL: SHOW COLUMNS FROM `tp_email` [ RunTime:0.0030s ]
SQL: SELECT COUNT(*) AS tp_count FROM `tp_email` WHERE ( isread = 0 and to_id =1 ) LIMIT 1   [ RunTime:0.0010s ]
INFO: [ app_end ] --START--
INFO: Run Behavior\ShowPageTraceBehavior [ RunTime:0.002000s ]
INFO: [ app_end ] --END-- [ RunTime:0.002000s ]

[ 2016-07-13T16:50:29+08:00 ] 127.0.0.1 /index.php/Admin/Email/getMsgCount.html
INFO: [ app_begin ] --START--
INFO: Run Behavior\ReadHtmlCacheBehavior [ RunTime:0.001000s ]
INFO: [ app_begin ] --END-- [ RunTime:0.003000s ]
SQL: SHOW COLUMNS FROM `tp_email` [ RunTime:0.0040s ]
SQL: SELECT COUNT(*) AS tp_count FROM `tp_email` WHERE ( isread = 0 and to_id =1 ) LIMIT 1   [ RunTime:0.0000s ]
INFO: [ app_end ] --START--
INFO: Run Behavior\ShowPageTraceBehavior [ RunTime:0.002000s ]
INFO: [ app_end ] --END-- [ RunTime:0.002000s ]

[ 2016-07-13T16:50:34+08:00 ] 127.0.0.1 /index.php/Admin/Email/getMsgCount.html
INFO: [ app_begin ] --START--
INFO: Run Behavior\ReadHtmlCacheBehavior [ RunTime:0.001000s ]
INFO: [ app_begin ] --END-- [ RunTime:0.002001s ]
SQL: SHOW COLUMNS FROM `tp_email` [ RunTime:0.0040s ]
SQL: SELECT COUNT(*) AS tp_count FROM `tp_email` WHERE ( isread = 0 and to_id =1 ) LIMIT 1   [ RunTime:0.0000s ]
INFO: [ app_end ] --START--
INFO: Run Behavior\ShowPageTraceBehavior [ RunTime:0.001000s ]
INFO: [ app_end ] --END-- [ RunTime:0.001000s ]

[ 2016-07-13T16:50:39+08:00 ] 127.0.0.1 /index.php/Admin/Email/getMsgCount.html
INFO: [ app_begin ] --START--
INFO: Run Behavior\ReadHtmlCacheBehavior [ RunTime:0.001000s ]
INFO: [ app_begin ] --END-- [ RunTime:0.001000s ]
SQL: SHOW COLUMNS FROM `tp_email` [ RunTime:0.0030s ]
SQL: SELECT COUNT(*) AS tp_count FROM `tp_email` WHERE ( isread = 0 and to_id =1 ) LIMIT 1   [ RunTime:0.0010s ]
INFO: [ app_end ] --START--
INFO: Run Behavior\ShowPageTraceBehavior [ RunTime:0.001000s ]
INFO: [ app_end ] --END-- [ RunTime:0.001000s ]

[ 2016-07-13T16:50:44+08:00 ] 127.0.0.1 /index.php/Admin/Email/getMsgCount.html
INFO: [ app_begin ] --START--
INFO: Run Behavior\ReadHtmlCacheBehavior [ RunTime:0.001000s ]
INFO: [ app_begin ] --END-- [ RunTime:0.002000s ]
SQL: SHOW COLUMNS FROM `tp_email` [ RunTime:0.0030s ]
SQL: SELECT COUNT(*) AS tp_count FROM `tp_email` WHERE ( isread = 0 and to_id =1 ) LIMIT 1   [ RunTime:0.0010s ]
INFO: [ app_end ] --START--
INFO: Run Behavior\ShowPageTraceBehavior [ RunTime:0.001000s ]
INFO: [ app_end ] --END-- [ RunTime:0.001000s ]

[ 2016-07-13T16:50:49+08:00 ] 127.0.0.1 /index.php/Admin/Email/getMsgCount.html
INFO: [ app_begin ] --START--
INFO: Run Behavior\ReadHtmlCacheBehavior [ RunTime:0.001000s ]
INFO: [ app_begin ] --END-- [ RunTime:0.002000s ]
SQL: SHOW COLUMNS FROM `tp_email` [ RunTime:0.0040s ]
SQL: SELECT COUNT(*) AS tp_count FROM `tp_email` WHERE ( isread = 0 and to_id =1 ) LIMIT 1   [ RunTime:0.0010s ]
INFO: [ app_end ] --START--
INFO: Run Behavior\ShowPageTraceBehavior [ RunTime:0.001000s ]
INFO: [ app_end ] --END-- [ RunTime:0.001000s ]

[ 2016-07-13T16:50:54+08:00 ] 127.0.0.1 /index.php/Admin/Email/getMsgCount.html
INFO: [ app_begin ] --START--
INFO: Run Behavior\ReadHtmlCacheBehavior [ RunTime:0.001000s ]
INFO: [ app_begin ] --END-- [ RunTime:0.001000s ]
SQL: SHOW COLUMNS FROM `tp_email` [ RunTime:0.0030s ]
SQL: SELECT COUNT(*) AS tp_count FROM `tp_email` WHERE ( isread = 0 and to_id =1 ) LIMIT 1   [ RunTime:0.0010s ]
INFO: [ app_end ] --START--
INFO: Run Behavior\ShowPageTraceBehavior [ RunTime:0.001000s ]
INFO: [ app_end ] --END-- [ RunTime:0.001000s ]

[ 2016-07-13T16:50:59+08:00 ] 127.0.0.1 /index.php/Admin/Email/getMsgCount.html
INFO: [ app_begin ] --START--
INFO: Run Behavior\ReadHtmlCacheBehavior [ RunTime:0.001000s ]
INFO: [ app_begin ] --END-- [ RunTime:0.003000s ]
SQL: SHOW COLUMNS FROM `tp_email` [ RunTime:0.0030s ]
SQL: SELECT COUNT(*) AS tp_count FROM `tp_email` WHERE ( isread = 0 and to_id =1 ) LIMIT 1   [ RunTime:0.0010s ]
INFO: [ app_end ] --START--
INFO: Run Behavior\ShowPageTraceBehavior [ RunTime:0.001000s ]
INFO: [ app_end ] --END-- [ RunTime:0.001000s ]

[ 2016-07-13T16:51:04+08:00 ] 127.0.0.1 /index.php/Admin/Email/getMsgCount.html
INFO: [ app_begin ] --START--
INFO: Run Behavior\ReadHtmlCacheBehavior [ RunTime:0.001000s ]
INFO: [ app_begin ] --END-- [ RunTime:0.001000s ]
SQL: SHOW COLUMNS FROM `tp_email` [ RunTime:0.0030s ]
SQL: SELECT COUNT(*) AS tp_count FROM `tp_email` WHERE ( isread = 0 and to_id =1 ) LIMIT 1   [ RunTime:0.0000s ]
INFO: [ app_end ] --START--
INFO: Run Behavior\ShowPageTraceBehavior [ RunTime:0.001000s ]
INFO: [ app_end ] --END-- [ RunTime:0.001000s ]

[ 2016-07-13T16:51:09+08:00 ] 127.0.0.1 /index.php/Admin/Email/getMsgCount.html
INFO: [ app_begin ] --START--
INFO: Run Behavior\ReadHtmlCacheBehavior [ RunTime:0.001001s ]
INFO: [ app_begin ] --END-- [ RunTime:0.001001s ]
SQL: SHOW COLUMNS FROM `tp_email` [ RunTime:0.0030s ]
SQL: SELECT COUNT(*) AS tp_count FROM `tp_email` WHERE ( isread = 0 and to_id =1 ) LIMIT 1   [ RunTime:0.0010s ]
INFO: [ app_end ] --START--
INFO: Run Behavior\ShowPageTraceBehavior [ RunTime:0.001000s ]
INFO: [ app_end ] --END-- [ RunTime:0.001000s ]

[ 2016-07-13T16:51:14+08:00 ] 127.0.0.1 /index.php/Admin/Email/getMsgCount.html
INFO: [ app_begin ] --START--
INFO: Run Behavior\ReadHtmlCacheBehavior [ RunTime:0.001000s ]
INFO: [ app_begin ] --END-- [ RunTime:0.002000s ]
SQL: SHOW COLUMNS FROM `tp_email` [ RunTime:0.0030s ]
SQL: SELECT COUNT(*) AS tp_count FROM `tp_email` WHERE ( isread = 0 and to_id =1 ) LIMIT 1   [ RunTime:0.0010s ]
INFO: [ app_end ] --START--
INFO: Run Behavior\ShowPageTraceBehavior [ RunTime:0.001001s ]
INFO: [ app_end ] --END-- [ RunTime:0.001001s ]

[ 2016-07-13T16:51:19+08:00 ] 127.0.0.1 /index.php/Admin/Email/getMsgCount.html
INFO: [ app_begin ] --START--
INFO: Run Behavior\ReadHtmlCacheBehavior [ RunTime:0.001000s ]
INFO: [ app_begin ] --END-- [ RunTime:0.002000s ]
SQL: SHOW COLUMNS FROM `tp_email` [ RunTime:0.0030s ]
SQL: SELECT COUNT(*) AS tp_count FROM `tp_email` WHERE ( isread = 0 and to_id =1 ) LIMIT 1   [ RunTime:0.0010s ]
INFO: [ app_end ] --START--
INFO: Run Behavior\ShowPageTraceBehavior [ RunTime:0.001000s ]
INFO: [ app_end ] --END-- [ RunTime:0.001000s ]

[ 2016-07-13T16:51:24+08:00 ] 127.0.0.1 /index.php/Admin/Email/getMsgCount.html
INFO: [ app_begin ] --START--
INFO: Run Behavior\ReadHtmlCacheBehavior [ RunTime:0.001001s ]
INFO: [ app_begin ] --END-- [ RunTime:0.002001s ]
SQL: SHOW COLUMNS FROM `tp_email` [ RunTime:0.0040s ]
SQL: SELECT COUNT(*) AS tp_count FROM `tp_email` WHERE ( isread = 0 and to_id =1 ) LIMIT 1   [ RunTime:0.0020s ]
INFO: [ app_end ] --START--
INFO: Run Behavior\ShowPageTraceBehavior [ RunTime:0.001000s ]
INFO: [ app_end ] --END-- [ RunTime:0.001000s ]

[ 2016-07-13T16:51:29+08:00 ] 127.0.0.1 /index.php/Admin/Email/getMsgCount.html
INFO: [ app_begin ] --START--
INFO: Run Behavior\ReadHtmlCacheBehavior [ RunTime:0.001000s ]
INFO: [ app_begin ] --END-- [ RunTime:0.003000s ]
SQL: SHOW COLUMNS FROM `tp_email` [ RunTime:0.0040s ]
SQL: SELECT COUNT(*) AS tp_count FROM `tp_email` WHERE ( isread = 0 and to_id =1 ) LIMIT 1   [ RunTime:0.0010s ]
INFO: [ app_end ] --START--
INFO: Run Behavior\ShowPageTraceBehavior [ RunTime:0.001000s ]
INFO: [ app_end ] --END-- [ RunTime:0.001000s ]

[ 2016-07-13T16:51:34+08:00 ] 127.0.0.1 /index.php/Admin/Email/getMsgCount.html
INFO: [ app_begin ] --START--
INFO: Run Behavior\ReadHtmlCacheBehavior [ RunTime:0.001000s ]
INFO: [ app_begin ] --END-- [ RunTime:0.001000s ]
SQL: SHOW COLUMNS FROM `tp_email` [ RunTime:0.0030s ]
SQL: SELECT COUNT(*) AS tp_count FROM `tp_email` WHERE ( isread = 0 and to_id =1 ) LIMIT 1   [ RunTime:0.0000s ]
INFO: [ app_end ] --START--
INFO: Run Behavior\ShowPageTraceBehavior [ RunTime:0.001001s ]
INFO: [ app_end ] --END-- [ RunTime:0.001001s ]

[ 2016-07-13T16:51:39+08:00 ] 127.0.0.1 /index.php/Admin/Email/getMsgCount.html
INFO: [ app_begin ] --START--
INFO: Run Behavior\ReadHtmlCacheBehavior [ RunTime:0.001000s ]
INFO: [ app_begin ] --END-- [ RunTime:0.002000s ]
SQL: SHOW COLUMNS FROM `tp_email` [ RunTime:0.0030s ]
SQL: SELECT COUNT(*) AS tp_count FROM `tp_email` WHERE ( isread = 0 and to_id =1 ) LIMIT 1   [ RunTime:0.0000s ]
INFO: [ app_end ] --START--
INFO: Run Behavior\ShowPageTraceBehavior [ RunTime:0.001000s ]
INFO: [ app_end ] --END-- [ RunTime:0.001000s ]

[ 2016-07-13T16:51:44+08:00 ] 127.0.0.1 /index.php/Admin/Email/getMsgCount.html
INFO: [ app_begin ] --START--
INFO: Run Behavior\ReadHtmlCacheBehavior [ RunTime:0.002000s ]
INFO: [ app_begin ] --END-- [ RunTime:0.003000s ]
SQL: SHOW COLUMNS FROM `tp_email` [ RunTime:0.0040s ]
SQL: SELECT COUNT(*) AS tp_count FROM `tp_email` WHERE ( isread = 0 and to_id =1 ) LIMIT 1   [ RunTime:0.0010s ]
INFO: [ app_end ] --START--
INFO: Run Behavior\ShowPageTraceBehavior [ RunTime:0.001000s ]
INFO: [ app_end ] --END-- [ RunTime:0.001000s ]

[ 2016-07-13T16:51:49+08:00 ] 127.0.0.1 /index.php/Admin/Email/getMsgCount.html
INFO: [ app_begin ] --START--
INFO: Run Behavior\ReadHtmlCacheBehavior [ RunTime:0.002000s ]
INFO: [ app_begin ] --END-- [ RunTime:0.003000s ]
SQL: SHOW COLUMNS FROM `tp_email` [ RunTime:0.0040s ]
SQL: SELECT COUNT(*) AS tp_count FROM `tp_email` WHERE ( isread = 0 and to_id =1 ) LIMIT 1   [ RunTime:0.0000s ]
INFO: [ app_end ] --START--
INFO: Run Behavior\ShowPageTraceBehavior [ RunTime:0.001000s ]
INFO: [ app_end ] --END-- [ RunTime:0.001000s ]

[ 2016-07-13T16:51:54+08:00 ] 127.0.0.1 /index.php/Admin/Email/getMsgCount.html
INFO: [ app_begin ] --START--
INFO: Run Behavior\ReadHtmlCacheBehavior [ RunTime:0.001000s ]
INFO: [ app_begin ] --END-- [ RunTime:0.001000s ]
SQL: SHOW COLUMNS FROM `tp_email` [ RunTime:0.0030s ]
SQL: SELECT COUNT(*) AS tp_count FROM `tp_email` WHERE ( isread = 0 and to_id =1 ) LIMIT 1   [ RunTime:0.0000s ]
INFO: [ app_end ] --START--
INFO: Run Behavior\ShowPageTraceBehavior [ RunTime:0.001000s ]
INFO: [ app_end ] --END-- [ RunTime:0.001000s ]

[ 2016-07-13T16:51:59+08:00 ] 127.0.0.1 /index.php/Admin/Email/getMsgCount.html
INFO: [ app_begin ] --START--
INFO: Run Behavior\ReadHtmlCacheBehavior [ RunTime:0.002000s ]
INFO: [ app_begin ] --END-- [ RunTime:0.003000s ]
SQL: SHOW COLUMNS FROM `tp_email` [ RunTime:0.0040s ]
SQL: SELECT COUNT(*) AS tp_count FROM `tp_email` WHERE ( isread = 0 and to_id =1 ) LIMIT 1   [ RunTime:0.0000s ]
INFO: [ app_end ] --START--
INFO: Run Behavior\ShowPageTraceBehavior [ RunTime:0.001000s ]
INFO: [ app_end ] --END-- [ RunTime:0.002000s ]

[ 2016-07-13T16:52:04+08:00 ] 127.0.0.1 /index.php/Admin/Email/getMsgCount.html
INFO: [ app_begin ] --START--
INFO: Run Behavior\ReadHtmlCacheBehavior [ RunTime:0.001000s ]
INFO: [ app_begin ] --END-- [ RunTime:0.002000s ]
SQL: SHOW COLUMNS FROM `tp_email` [ RunTime:0.0030s ]
SQL: SELECT COUNT(*) AS tp_count FROM `tp_email` WHERE ( isread = 0 and to_id =1 ) LIMIT 1   [ RunTime:0.0010s ]
INFO: [ app_end ] --START--
INFO: Run Behavior\ShowPageTraceBehavior [ RunTime:0.001000s ]
INFO: [ app_end ] --END-- [ RunTime:0.001000s ]

[ 2016-07-13T16:52:09+08:00 ] 127.0.0.1 /index.php/Admin/Email/getMsgCount.html
INFO: [ app_begin ] --START--
INFO: Run Behavior\ReadHtmlCacheBehavior [ RunTime:0.001000s ]
INFO: [ app_begin ] --END-- [ RunTime:0.001000s ]
SQL: SHOW COLUMNS FROM `tp_email` [ RunTime:0.0030s ]
SQL: SELECT COUNT(*) AS tp_count FROM `tp_email` WHERE ( isread = 0 and to_id =1 ) LIMIT 1   [ RunTime:0.0010s ]
INFO: [ app_end ] --START--
INFO: Run Behavior\ShowPageTraceBehavior [ RunTime:0.001000s ]
INFO: [ app_end ] --END-- [ RunTime:0.001000s ]

[ 2016-07-13T16:52:14+08:00 ] 127.0.0.1 /index.php/Admin/Email/getMsgCount.html
INFO: [ app_begin ] --START--
INFO: Run Behavior\ReadHtmlCacheBehavior [ RunTime:0.001000s ]
INFO: [ app_begin ] --END-- [ RunTime:0.001000s ]
SQL: SHOW COLUMNS FROM `tp_email` [ RunTime:0.0040s ]
SQL: SELECT COUNT(*) AS tp_count FROM `tp_email` WHERE ( isread = 0 and to_id =1 ) LIMIT 1   [ RunTime:0.0000s ]
INFO: [ app_end ] --START--
INFO: Run Behavior\ShowPageTraceBehavior [ RunTime:0.002000s ]
INFO: [ app_end ] --END-- [ RunTime:0.002000s ]

[ 2016-07-13T16:52:19+08:00 ] 127.0.0.1 /index.php/Admin/Email/getMsgCount.html
INFO: [ app_begin ] --START--
INFO: Run Behavior\ReadHtmlCacheBehavior [ RunTime:0.001000s ]
INFO: [ app_begin ] --END-- [ RunTime:0.002000s ]
SQL: SHOW COLUMNS FROM `tp_email` [ RunTime:0.0040s ]
SQL: SELECT COUNT(*) AS tp_count FROM `tp_email` WHERE ( isread = 0 and to_id =1 ) LIMIT 1   [ RunTime:0.0000s ]
INFO: [ app_end ] --START--
INFO: Run Behavior\ShowPageTraceBehavior [ RunTime:0.001000s ]
INFO: [ app_end ] --END-- [ RunTime:0.001000s ]

[ 2016-07-13T16:52:24+08:00 ] 127.0.0.1 /index.php/Admin/Email/getMsgCount.html
INFO: [ app_begin ] --START--
INFO: Run Behavior\ReadHtmlCacheBehavior [ RunTime:0.002000s ]
INFO: [ app_begin ] --END-- [ RunTime:0.002000s ]
SQL: SHOW COLUMNS FROM `tp_email` [ RunTime:0.0030s ]
SQL: SELECT COUNT(*) AS tp_count FROM `tp_email` WHERE ( isread = 0 and to_id =1 ) LIMIT 1   [ RunTime:0.0010s ]
INFO: [ app_end ] --START--
INFO: Run Behavior\ShowPageTraceBehavior [ RunTime:0.001000s ]
INFO: [ app_end ] --END-- [ RunTime:0.001000s ]

[ 2016-07-13T16:52:29+08:00 ] 127.0.0.1 /index.php/Admin/Email/getMsgCount.html
INFO: [ app_begin ] --START--
INFO: Run Behavior\ReadHtmlCacheBehavior [ RunTime:0.003000s ]
INFO: [ app_begin ] --END-- [ RunTime:0.004000s ]
SQL: SHOW COLUMNS FROM `tp_email` [ RunTime:0.0030s ]
SQL: SELECT COUNT(*) AS tp_count FROM `tp_email` WHERE ( isread = 0 and to_id =1 ) LIMIT 1   [ RunTime:0.0010s ]
INFO: [ app_end ] --START--
INFO: Run Behavior\ShowPageTraceBehavior [ RunTime:0.001000s ]
INFO: [ app_end ] --END-- [ RunTime:0.001000s ]

[ 2016-07-13T16:52:34+08:00 ] 127.0.0.1 /index.php/Admin/Email/getMsgCount.html
INFO: [ app_begin ] --START--
INFO: Run Behavior\ReadHtmlCacheBehavior [ RunTime:0.001000s ]
INFO: [ app_begin ] --END-- [ RunTime:0.002000s ]
SQL: SHOW COLUMNS FROM `tp_email` [ RunTime:0.0040s ]
SQL: SELECT COUNT(*) AS tp_count FROM `tp_email` WHERE ( isread = 0 and to_id =1 ) LIMIT 1   [ RunTime:0.0010s ]
INFO: [ app_end ] --START--
INFO: Run Behavior\ShowPageTraceBehavior [ RunTime:0.002001s ]
INFO: [ app_end ] --END-- [ RunTime:0.002001s ]

[ 2016-07-13T16:52:39+08:00 ] 127.0.0.1 /index.php/Admin/Email/getMsgCount.html
INFO: [ app_begin ] --START--
INFO: Run Behavior\ReadHtmlCacheBehavior [ RunTime:0.001000s ]
INFO: [ app_begin ] --END-- [ RunTime:0.001000s ]
SQL: SHOW COLUMNS FROM `tp_email` [ RunTime:0.0040s ]
SQL: SELECT COUNT(*) AS tp_count FROM `tp_email` WHERE ( isread = 0 and to_id =1 ) LIMIT 1   [ RunTime:0.0000s ]
INFO: [ app_end ] --START--
INFO: Run Behavior\ShowPageTraceBehavior [ RunTime:0.001000s ]
INFO: [ app_end ] --END-- [ RunTime:0.001000s ]

[ 2016-07-13T16:52:44+08:00 ] 127.0.0.1 /index.php/Admin/Email/getMsgCount.html
INFO: [ app_begin ] --START--
INFO: Run Behavior\ReadHtmlCacheBehavior [ RunTime:0.001000s ]
INFO: [ app_begin ] --END-- [ RunTime:0.003001s ]
SQL: SHOW COLUMNS FROM `tp_email` [ RunTime:0.0040s ]
SQL: SELECT COUNT(*) AS tp_count FROM `tp_email` WHERE ( isread = 0 and to_id =1 ) LIMIT 1   [ RunTime:0.0000s ]
INFO: [ app_end ] --START--
INFO: Run Behavior\ShowPageTraceBehavior [ RunTime:0.001000s ]
INFO: [ app_end ] --END-- [ RunTime:0.001000s ]

[ 2016-07-13T16:52:49+08:00 ] 127.0.0.1 /index.php/Admin/Email/getMsgCount.html
INFO: [ app_begin ] --START--
INFO: Run Behavior\ReadHtmlCacheBehavior [ RunTime:0.001001s ]
INFO: [ app_begin ] --END-- [ RunTime:0.002001s ]
SQL: SHOW COLUMNS FROM `tp_email` [ RunTime:0.0030s ]
SQL: SELECT COUNT(*) AS tp_count FROM `tp_email` WHERE ( isread = 0 and to_id =1 ) LIMIT 1   [ RunTime:0.0010s ]
INFO: [ app_end ] --START--
INFO: Run Behavior\ShowPageTraceBehavior [ RunTime:0.002000s ]
INFO: [ app_end ] --END-- [ RunTime:0.002000s ]

[ 2016-07-13T16:52:54+08:00 ] 127.0.0.1 /index.php/Admin/Email/getMsgCount.html
INFO: [ app_begin ] --START--
INFO: Run Behavior\ReadHtmlCacheBehavior [ RunTime:0.001000s ]
INFO: [ app_begin ] --END-- [ RunTime:0.002000s ]
SQL: SHOW COLUMNS FROM `tp_email` [ RunTime:0.0030s ]
SQL: SELECT COUNT(*) AS tp_count FROM `tp_email` WHERE ( isread = 0 and to_id =1 ) LIMIT 1   [ RunTime:0.0000s ]
INFO: [ app_end ] --START--
INFO: Run Behavior\ShowPageTraceBehavior [ RunTime:0.001000s ]
INFO: [ app_end ] --END-- [ RunTime:0.001000s ]

